<?xml version="1.0" encoding="UTF-8"?>
<!-- Generated by org.testng.reporters.JUnitXMLReporter -->
<testsuite ignored="0" hostname="DESKTOP-5DJG0VO" failures="0" tests="3" name="Test-1" time="116.853" errors="0" timestamp="2024-05-03T16:09:23 IST">
  <testcase classname="crm.ContactTest.createContactWith3ScrptsTest" name="createContactTest" time="19.61"/>
  <testcase classname="crm.ContactTest.createContactWith3ScrptsTest" name="createContactWithOrgNameTest" time="33.484"/>
  <testcase classname="crm.ContactTest.createContactWith3ScrptsTest" name="createContactWithSupportDateTest" time="20.231"/>
</testsuite> <!-- Test-1 -->
