<?xml version="1.0" encoding="UTF-8"?>
<!-- Generated by org.testng.reporters.JUnitReportReporter -->
<testsuite hostname="DESKTOP-5DJG0VO" failures="0" tests="1" name="crm.ContactTest.CreateContactWithOrgNameTest" time="40.439" errors="0" timestamp="2024-05-02T12:53:02 IST" skipped="0">
  <testcase classname="crm.ContactTest.CreateContactWithOrgNameTest" name="createContactWithOrgNameTest" time="40.439"/>
</testsuite> <!-- crm.ContactTest.CreateContactWithOrgNameTest -->
