<?xml version="1.0" encoding="UTF-8"?>
<!-- Generated by org.testng.reporters.JUnitReportReporter -->
<testsuite hostname="DESKTOP-5DJG0VO" failures="0" tests="1" name="crm.OrgTest.CreateOrgWithPhoneNumTest" time="22.153" errors="0" timestamp="2024-05-02T14:49:36 IST" skipped="0">
  <testcase classname="crm.OrgTest.CreateOrgWithPhoneNumTest" name="createOrgWithPhoneNumTest" time="22.153"/>
</testsuite> <!-- crm.OrgTest.CreateOrgWithPhoneNumTest -->
