<?xml version="1.0" encoding="UTF-8"?>
<!-- Generated by org.testng.reporters.JUnitReportReporter -->
<testsuite hostname="DESKTOP-5DJG0VO" failures="0" tests="1" name="crm.PomTest.autoHealing" time="25.931" errors="0" timestamp="2024-04-27T10:07:15 IST" skipped="0">
  <testcase classname="crm.PomTest.autoHealing" name="sampleTest" time="25.931"/>
</testsuite> <!-- crm.PomTest.autoHealing -->
