<?xml version="1.0" encoding="UTF-8"?>
<!-- Generated by org.testng.reporters.JUnitReportReporter -->
<testsuite hostname="DESKTOP-5DJG0VO" failures="0" tests="3" name="pracice.DataProvider.dP2Test" time="0.017" errors="0" timestamp="2024-04-30T18:01:30 IST" skipped="0">
  <testcase classname="pracice.DataProvider.dP2Test" name="createContactTest" time="0.011"/>
  <testcase classname="pracice.DataProvider.dP2Test" name="createContactTest" time="0.003"/>
  <testcase classname="pracice.DataProvider.dP2Test" name="createContactTest" time="0.003"/>
</testsuite> <!-- pracice.DataProvider.dP2Test -->
