<?xml version="1.0" encoding="UTF-8"?>
<!-- Generated by org.testng.reporters.JUnitReportReporter -->
<testsuite hostname="DESKTOP-5DJG0VO" failures="0" tests="2" name="practice.conFigAnnotation.createOrgTest" time="0.015" errors="0" timestamp="2024-05-02T10:27:57 IST" skipped="0">
  <testcase classname="practice.conFigAnnotation.createOrgTest" name="createOrgWithIndustries" time="0.008"/>
  <testcase classname="practice.conFigAnnotation.createOrgTest" name="createOrg" time="0.007"/>
</testsuite> <!-- practice.conFigAnnotation.createOrgTest -->
