<?xml version="1.0" encoding="UTF-8"?>
<!-- Generated by org.testng.reporters.JUnitReportReporter -->
<testsuite hostname="DESKTOP-5DJG0VO" failures="0" tests="1" name="crm.OrgTest.deleteOrgNameTest" time="27.930" errors="0" timestamp="2024-05-02T14:24:49 IST" skipped="0">
  <testcase classname="crm.OrgTest.deleteOrgNameTest" name="DeleteOrgNameTest" time="27.930"/>
</testsuite> <!-- crm.OrgTest.deleteOrgNameTest -->
