<?xml version="1.0" encoding="UTF-8"?>
<!-- Generated by org.testng.reporters.JUnitReportReporter -->
<testsuite hostname="DESKTOP-5DJG0VO" failures="0" tests="3" name="pracice.DataProvider.getProductInfoTest" time="83.220" errors="0" timestamp="2024-05-01T09:57:38 IST" skipped="0">
  <testcase classname="pracice.DataProvider.getProductInfoTest" name="productInfoTest" time="31.310"/>
  <testcase classname="pracice.DataProvider.getProductInfoTest" name="productInfoTest" time="21.539"/>
  <testcase classname="pracice.DataProvider.getProductInfoTest" name="productInfoTest" time="30.371"/>
</testsuite> <!-- pracice.DataProvider.getProductInfoTest -->
