<?xml version="1.0" encoding="UTF-8"?>
<!-- Generated by org.testng.reporters.JUnitReportReporter -->
<testsuite hostname="DESKTOP-5DJG0VO" failures="0" tests="1" name="crm.ContactTest.createContactWithSupportDateTest" time="21.884" errors="0" timestamp="2024-05-02T12:59:54 IST" skipped="0">
  <testcase classname="crm.ContactTest.createContactWithSupportDateTest" name="CreateContactWithSupportDateTest" time="21.884"/>
</testsuite> <!-- crm.ContactTest.createContactWithSupportDateTest -->
