<?xml version="1.0" encoding="UTF-8"?>
<!-- Generated by org.testng.reporters.JUnitReportReporter -->
<testsuite hostname="DESKTOP-5DJG0VO" failures="0" tests="1" name="crm.PomTest.sampleTestWithPom" time="22.188" errors="0" timestamp="2024-04-26T10:02:32 IST" skipped="0">
  <testcase classname="crm.PomTest.sampleTestWithPom" name="sampleTest" time="22.188"/>
</testsuite> <!-- crm.PomTest.sampleTestWithPom -->
