<?xml version="1.0" encoding="UTF-8"?>
<!-- Generated by org.testng.reporters.JUnitReportReporter -->
<testsuite hostname="DESKTOP-5DJG0VO" failures="0" tests="2" name="practice.conFigAnnotation.createCustomerTest" time="0.030" errors="0" timestamp="2024-05-02T10:27:57 IST" skipped="0">
  <testcase classname="practice.conFigAnnotation.createCustomerTest" name="createCustomerDate" time="0.015"/>
  <testcase classname="practice.conFigAnnotation.createCustomerTest" name="createCustomer" time="0.015"/>
</testsuite> <!-- practice.conFigAnnotation.createCustomerTest -->
