<?xml version="1.0" encoding="UTF-8"?>
<!-- Generated by org.testng.reporters.JUnitReportReporter -->
<testsuite hostname="DESKTOP-5DJG0VO" failures="0" tests="3" name="pracice.DataProvider.dP1Test" time="0.022" errors="0" timestamp="2024-04-30T17:55:41 IST" skipped="0">
  <testcase classname="pracice.DataProvider.dP1Test" name="createContactTest" time="0.012"/>
  <testcase classname="pracice.DataProvider.dP1Test" name="createContactTest" time="0.004"/>
  <testcase classname="pracice.DataProvider.dP1Test" name="createContactTest" time="0.006"/>
</testsuite> <!-- pracice.DataProvider.dP1Test -->
