<?xml version="1.0" encoding="UTF-8"?>
<!-- Generated by org.testng.reporters.JUnitReportReporter -->
<testsuite hostname="LAPTOP-SMJ68QD9" failures="0" tests="4" name="crm.OrgTest.CreateOrgWith4Scripts" time="59.567" errors="0" timestamp="2024-05-16T03:03:31 IST" skipped="0">
  <testcase classname="crm.OrgTest.CreateOrgWith4Scripts" name="createOrgWithPhoneNumTest" time="14.026"/>
  <testcase classname="crm.OrgTest.CreateOrgWith4Scripts" name="createOrgWithIndustryTypeTest" time="16.090"/>
  <testcase classname="crm.OrgTest.CreateOrgWith4Scripts" name="createOrganisationTest" time="13.162"/>
  <testcase classname="crm.OrgTest.CreateOrgWith4Scripts" name="deleteOrgNameTest" time="16.289"/>
</testsuite> <!-- crm.OrgTest.CreateOrgWith4Scripts -->
